2015-05-16 21:02:40,617 [INFO ][tartStop-1][          web.listener.ContextListener] - init context
2015-05-16 21:02:40,623 [INFO ][tartStop-1][        web.filters.LocalizationFilter] - Localization filter starts
2015-05-16 21:02:40,624 [INFO ][tartStop-1][        web.filters.LocalizationFilter] - Localization filter finished
2015-05-16 23:57:02,193 [INFO ][tartStop-1][                         ContextLoader] - Root WebApplicationContext: initialization started
2015-05-16 23:57:02,422 [INFO ][tartStop-1][      support.XmlWebApplicationContext] - Refreshing Root WebApplicationContext: startup date [Sat May 16 23:57:02 EEST 2015]; root of context hierarchy
2015-05-16 23:57:02,579 [INFO ][tartStop-1][           xml.XmlBeanDefinitionReader] - Loading XML bean definitions from ServletContext resource [/WEB-INF/applicationContext.xml]
2015-05-16 23:57:03,308 [INFO ][tartStop-1][           xml.XmlBeanDefinitionReader] - Loading XML bean definitions from ServletContext resource [/WEB-INF/hibernate.xml]
2015-05-16 23:57:03,695 [INFO ][tartStop-1][  config.PropertyPlaceholderConfigurer] - Loading properties file from ServletContext resource [/WEB-INF/db.properties]
2015-05-16 23:57:03,747 [INFO ][tartStop-1][n.AutowiredAnnotationBeanPostProcessor] - JSR-330 'javax.inject.Inject' annotation found and supported for autowiring
2015-05-16 23:57:05,059 [INFO ][tartStop-1][                               Version] - HCANN000001: Hibernate Commons Annotations {4.0.5.Final}
2015-05-16 23:57:05,101 [INFO ][tartStop-1][                 org.hibernate.Version] - HHH000412: Hibernate Core {4.3.6.Final}
2015-05-16 23:57:05,122 [INFO ][tartStop-1][         org.hibernate.cfg.Environment] - HHH000206: hibernate.properties not found
2015-05-16 23:57:05,141 [INFO ][tartStop-1][         org.hibernate.cfg.Environment] - HHH000021: Bytecode provider name : javassist
2015-05-16 23:57:07,755 [INFO ][tartStop-1][         org.hibernate.dialect.Dialect] - HHH000400: Using dialect: org.hibernate.dialect.MySQL5Dialect
2015-05-16 23:57:08,010 [INFO ][tartStop-1][  internal.TransactionFactoryInitiator] - HHH000399: Using default transaction strategy (direct JDBC transactions)
2015-05-16 23:57:08,066 [INFO ][tartStop-1][         ast.ASTQueryTranslatorFactory] - HHH000397: Using ASTQueryTranslatorFactory
2015-05-16 23:57:08,567 [INFO ][tartStop-1][                          SchemaUpdate] - HHH000228: Running hbm2ddl schema update
2015-05-16 23:57:08,567 [INFO ][tartStop-1][                          SchemaUpdate] - HHH000102: Fetching database metadata
2015-05-16 23:57:08,591 [INFO ][tartStop-1][                          SchemaUpdate] - HHH000396: Updating schema
2015-05-16 23:57:08,613 [INFO ][tartStop-1][                          SchemaUpdate] - HHH000232: Schema update complete
2015-05-16 23:57:08,742 [INFO ][tartStop-1][           HibernateTransactionManager] - Using DataSource [org.apache.commons.dbcp.BasicDataSource@38bd55] of Hibernate SessionFactory for HibernateTransactionManager
2015-05-16 23:57:08,767 [INFO ][tartStop-1][                         ContextLoader] - Root WebApplicationContext: initialization completed in 6573 ms
2015-05-16 23:57:08,841 [INFO ][tartStop-1][          web.listener.ContextListener] - init context
2015-05-16 23:57:08,849 [INFO ][tartStop-1][        web.filters.LocalizationFilter] - Localization filter starts
2015-05-16 23:57:08,850 [INFO ][tartStop-1][        web.filters.LocalizationFilter] - Localization filter finished
